++++ running Little Lisp
Welcome to Little Lisp.
> (show)

           show      special    0      builtin
            con  non-special    2      builtin
            car  non-special    1      builtin
            cdr  non-special    1      builtin
          quote      special    1      builtin
           list  non-special   -1      builtin
         append  non-special   -1      builtin
         length  non-special    1      builtin
              +  non-special    2      builtin
              -  non-special    2      builtin
              *  non-special    2      builtin
              /  non-special    2      builtin
              =  non-special    2      builtin
             /=  non-special    2      builtin
              <  non-special    2      builtin
              >  non-special    2      builtin
             <=  non-special    2      builtin
             >=  non-special    2      builtin
           null  non-special    1      builtin
           atom  non-special    1      builtin
          listp  non-special    1      builtin
      intergerp  non-special    1      builtin
           cond      special   -1      builtin
> 
Bye.
++++ done running Little Lisp
